# JRE version: Java(TM) SE Runtime Environment (21.0.6+8) (build 21.0.6+8-LTS-188)
# Java VM: Java HotSpot(TM) 64-Bit Server VM (21.0.6+8-LTS-188, mixed mode, sharing, tiered, compressed oops, compressed class ptrs, g1 gc, windows-amd64)
GC Precious Log:
 CardTable entry size: 512
 Card Set container configuration: InlinePtr #cards 4 size 8 Array Of Cards #cards 16 size 48 Howl #buckets 8 coarsen threshold 3686 Howl Bitmap #cards 512 size 80 coarsen threshold 460 Card regions per heap region 1 cards per card region 4096
 CPUs: 12 total, 12 available
 Memory: 14181M
 Large Page Support: Disabled
 NUMA Support: Disabled
 Compressed Oops: Enabled (Zero based)
 Heap Region Size: 2M
 Heap Min Capacity: 8M
 Heap Initial Capacity: 222M
 Heap Max Capacity: 3546M
 Pre-touch: Disabled
 Parallel Workers: 10
 Concurrent Workers: 3
 Concurrent Refinement Workers: 10
 Periodic GC: Disabled
Heap:
 garbage-first heap   total 116736K, used 49059K [0x0000000722600000, 0x0000000800000000)
  region size 2048K, 11 young (22528K), 0 survivors (0K)
 Metaspace       used 92661K, committed 93632K, reserved 1179648K
  class space    used 11202K, committed 11712K, reserved 1048576K
GC Heap History (20 events):
Event: 8970.439 GC heap before
{Heap before GC invocations=95 (full 4):
 garbage-first heap   total 137216K, used 115563K [0x0000000722600000, 0x0000000800000000)
  region size 2048K, 40 young (81920K), 1 survivors (2048K)
 Metaspace       used 92403K, committed 93440K, reserved 1179648K
  class space    used 11191K, committed 11712K, reserved 1048576K
}
Event: 8970.442 GC heap after
{Heap after GC invocations=96 (full 4):
 garbage-first heap   total 137216K, used 35399K [0x0000000722600000, 0x0000000800000000)
  region size 2048K, 1 young (2048K), 1 survivors (2048K)
 Metaspace       used 92403K, committed 93440K, reserved 1179648K
  class space    used 11191K, committed 11712K, reserved 1048576K
}
Event: 9187.119 GC heap before
{Heap before GC invocations=96 (full 4):
 garbage-first heap   total 137216K, used 115271K [0x0000000722600000, 0x0000000800000000)
  region size 2048K, 40 young (81920K), 1 survivors (2048K)
 Metaspace       used 92408K, committed 93440K, reserved 1179648K
  class space    used 11192K, committed 11712K, reserved 1048576K
}
Event: 9187.120 GC heap after
{Heap after GC invocations=97 (full 4):
 garbage-first heap   total 137216K, used 35605K [0x0000000722600000, 0x0000000800000000)
  region size 2048K, 1 young (2048K), 1 survivors (2048K)
 Metaspace       used 92408K, committed 93440K, reserved 1179648K
  class space    used 11192K, committed 11712K, reserved 1048576K
}
Event: 9389.995 GC heap before
{Heap before GC invocations=98 (full 4):
 garbage-first heap   total 131072K, used 111381K [0x0000000722600000, 0x0000000800000000)
  region size 2048K, 38 young (77824K), 1 survivors (2048K)
 Metaspace       used 92422K, committed 93440K, reserved 1179648K
  class space    used 11192K, committed 11712K, reserved 1048576K
}
Event: 9389.997 GC heap after
{Heap after GC invocations=99 (full 4):
 garbage-first heap   total 131072K, used 35651K [0x0000000722600000, 0x0000000800000000)
  region size 2048K, 1 young (2048K), 1 survivors (2048K)
 Metaspace       used 92422K, committed 93440K, reserved 1179648K
  class space    used 11192K, committed 11712K, reserved 1048576K
}
Event: 9568.229 GC heap before
{Heap before GC invocations=99 (full 4):
 garbage-first heap   total 131072K, used 111427K [0x0000000722600000, 0x0000000800000000)
  region size 2048K, 38 young (77824K), 1 survivors (2048K)
 Metaspace       used 92518K, committed 93504K, reserved 1179648K
  class space    used 11195K, committed 11712K, reserved 1048576K
}
Event: 9568.231 GC heap after
{Heap after GC invocations=100 (full 4):
 garbage-first heap   total 131072K, used 35035K [0x0000000722600000, 0x0000000800000000)
  region size 2048K, 1 young (2048K), 1 survivors (2048K)
 Metaspace       used 92518K, committed 93504K, reserved 1179648K
  class space    used 11195K, committed 11712K, reserved 1048576K
}
Event: 9771.681 GC heap before
{Heap before GC invocations=100 (full 4):
 garbage-first heap   total 131072K, used 110811K [0x0000000722600000, 0x0000000800000000)
  region size 2048K, 38 young (77824K), 1 survivors (2048K)
 Metaspace       used 92553K, committed 93504K, reserved 1179648K
  class space    used 11195K, committed 11712K, reserved 1048576K
}
Event: 9771.682 GC heap after
{Heap after GC invocations=101 (full 4):
 garbage-first heap   total 131072K, used 34909K [0x0000000722600000, 0x0000000800000000)
  region size 2048K, 1 young (2048K), 1 survivors (2048K)
 Metaspace       used 92553K, committed 93504K, reserved 1179648K
  class space    used 11195K, committed 11712K, reserved 1048576K
}
Event: 9978.769 GC heap before
{Heap before GC invocations=102 (full 4):
 garbage-first heap   total 131072K, used 110685K [0x0000000722600000, 0x0000000800000000)
  region size 2048K, 38 young (77824K), 1 survivors (2048K)
 Metaspace       used 92579K, committed 93568K, reserved 1179648K
  class space    used 11195K, committed 11712K, reserved 1048576K
}
Event: 9978.771 GC heap after
{Heap after GC invocations=103 (full 4):
 garbage-first heap   total 131072K, used 34879K [0x0000000722600000, 0x0000000800000000)
  region size 2048K, 1 young (2048K), 1 survivors (2048K)
 Metaspace       used 92579K, committed 93568K, reserved 1179648K
  class space    used 11195K, committed 11712K, reserved 1048576K
}
Event: 10184.743 GC heap before
{Heap before GC invocations=103 (full 4):
 garbage-first heap   total 131072K, used 110655K [0x0000000722600000, 0x0000000800000000)
  region size 2048K, 38 young (77824K), 1 survivors (2048K)
 Metaspace       used 92590K, committed 93632K, reserved 1179648K
  class space    used 11195K, committed 11712K, reserved 1048576K
}
Event: 10184.745 GC heap after
{Heap after GC invocations=104 (full 4):
 garbage-first heap   total 131072K, used 34893K [0x0000000722600000, 0x0000000800000000)
  region size 2048K, 1 young (2048K), 1 survivors (2048K)
 Metaspace       used 92590K, committed 93632K, reserved 1179648K
  class space    used 11195K, committed 11712K, reserved 1048576K
}
Event: 10397.574 GC heap before
{Heap before GC invocations=104 (full 4):
 garbage-first heap   total 131072K, used 110669K [0x0000000722600000, 0x0000000800000000)
  region size 2048K, 38 young (77824K), 1 survivors (2048K)
 Metaspace       used 92590K, committed 93632K, reserved 1179648K
  class space    used 11195K, committed 11712K, reserved 1048576K
}
Event: 10397.577 GC heap after
{Heap after GC invocations=105 (full 4):
 garbage-first heap   total 131072K, used 34944K [0x0000000722600000, 0x0000000800000000)
  region size 2048K, 1 young (2048K), 1 survivors (2048K)
 Metaspace       used 92590K, committed 93632K, reserved 1179648K
  class space    used 11195K, committed 11712K, reserved 1048576K
}
Event: 10608.741 GC heap before
{Heap before GC invocations=106 (full 4):
 garbage-first heap   total 131072K, used 110720K [0x0000000722600000, 0x0000000800000000)
  region size 2048K, 38 young (77824K), 1 survivors (2048K)
 Metaspace       used 92625K, committed 93632K, reserved 1179648K
  class space    used 11197K, committed 11712K, reserved 1048576K
}
Event: 10608.742 GC heap after
{Heap after GC invocations=107 (full 4):
 garbage-first heap   total 131072K, used 35027K [0x0000000722600000, 0x0000000800000000)
  region size 2048K, 1 young (2048K), 1 survivors (2048K)
 Metaspace       used 92625K, committed 93632K, reserved 1179648K
  class space    used 11197K, committed 11712K, reserved 1048576K
}
Event: 10755.899 GC heap before
{Heap before GC invocations=107 (full 4):
 garbage-first heap   total 131072K, used 88275K [0x0000000722600000, 0x0000000800000000)
  region size 2048K, 28 young (57344K), 1 survivors (2048K)
 Metaspace       used 92641K, committed 93632K, reserved 1179648K
  class space    used 11198K, committed 11712K, reserved 1048576K
}
Event: 10755.999 GC heap after
{Heap after GC invocations=108 (full 5):
 garbage-first heap   total 116736K, used 28579K [0x0000000722600000, 0x0000000800000000)
  region size 2048K, 0 young (0K), 0 survivors (0K)
 Metaspace       used 92633K, committed 93632K, reserved 1179648K
  class space    used 11196K, committed 11712K, reserved 1048576K
}

